#
# There is insufficient memory for the Java Runtime Environment to continue.
# Native memory allocation (malloc) failed to allocate 281376 bytes for Chunk::new
# Possible reasons:
#   The system is out of physical RAM or swap space
#   The process is running with CompressedOops enabled, and the Java Heap may be blocking the growth of the native heap
# Possible solutions:
#   Reduce memory load on the system
#   Increase physical memory or swap space
#   Check if swap backing store is full
#   Decrease Java heap size (-Xmx/-Xms)
#   Decrease number of Java threads
#   Decrease Java thread stack sizes (-Xss)
#   Set larger code cache with -XX:ReservedCodeCacheSize=
#   JVM is running with Zero Based Compressed Oops mode in which the Java heap is
#     placed in the first 32GB address space. The Java Heap base address is the
#     maximum limit for the native heap growth. Please use -XX:HeapBaseMinAddress
#     to set the Java Heap base and to place the Java Heap above 32GB virtual address.
# This output file may be truncated or incomplete.
#
#  Out of Memory Error (./src/hotspot/share/memory/arena.cpp:197), pid=9220, tid=17984
#
# JRE version: OpenJDK Runtime Environment Temurin-11.0.14.1+1 (11.0.14.1+1) (build 11.0.14.1+1)
# Java VM: OpenJDK 64-Bit Server VM Temurin-11.0.14.1+1 (11.0.14.1+1, mixed mode, tiered, compressed oops, g1 gc, windows-amd64)
# No core dump will be written. Minidumps are not enabled by default on client versions of Windows
#

---------------  S U M M A R Y ------------

Command Line: -Dfile.encoding=UTF-8 -Xmx4096M -Dcom.android.sdkmanager.toolsdir=C:\Program Files\Unity\Hub\Editor\2022.3.11f1\Editor\Data\PlaybackEngines\AndroidPlayer\SDK\cmdline-tools\6.0 -Dfile.encoding=UTF8 C:/Program Files/Unity/Hub/Editor/2022.3.11f1/Editor/Data/PlaybackEngines/AndroidPlayer/Tools\sdktools.jar -

Host: Intel(R) Core(TM) i7-4720HQ CPU @ 2.60GHz, 8 cores, 11G,  Windows 10 , 64 bit Build 19041 (10.0.19041.928)
Time: Sat Dec 30 23:52:12 2023 W. Central Africa Standard Time elapsed time: 0.612281 seconds (0d 0h 0m 0s)

---------------  T H R E A D  ---------------

Current thread (0x000001ac22a47800):  JavaThread "C2 CompilerThread0" daemon [_thread_in_native, id=17984, stack(0x000000958e600000,0x000000958e700000)]


Current CompileTask:
C2:    612  379 %     4       sun.security.provider.SHA2::implCompress0 @ 3 (466 bytes)

Stack: [0x000000958e600000,0x000000958e700000]
Native frames: (J=compiled Java code, j=interpreted, Vv=VM code, C=native code)
V  [jvm.dll+0x61e59a]
V  [jvm.dll+0x7aaca9]
V  [jvm.dll+0x7ac398]
V  [jvm.dll+0x7aca73]
V  [jvm.dll+0x24f9b8]
V  [jvm.dll+0xc260c]
V  [jvm.dll+0xc2bcc]
V  [jvm.dll+0x2c1884]
V  [jvm.dll+0x52d899]
V  [jvm.dll+0x210fcd]
V  [jvm.dll+0x20ac34]
V  [jvm.dll+0x207ccb]
V  [jvm.dll+0x18a2c1]
V  [jvm.dll+0x217734]
V  [jvm.dll+0x21597b]
V  [jvm.dll+0x76d7c0]
V  [jvm.dll+0x766724]
V  [jvm.dll+0x61d3f6]
C  [ucrtbase.dll+0x21bb2]
C  [KERNEL32.DLL+0x17034]
C  [ntdll.dll+0x52651]


---------------  P R O C E S S  ---------------

Threads class SMR info:
_java_thread_list=0x000001ac22cb3ae0, length=11, elements={
0x000001ac7e2ec800, 0x000001ac22a2c800, 0x000001ac22a36000, 0x000001ac22a96000,
0x000001ac22a97800, 0x000001ac22a9a000, 0x000001ac22a47800, 0x000001ac22a49800,
0x000001ac22a4b000, 0x000001ac22c05000, 0x000001ac22dee000
}

Java Threads: ( => current thread )
  0x000001ac7e2ec800 JavaThread "main" [_thread_in_Java, id=11440, stack(0x000000958da00000,0x000000958db00000)]
  0x000001ac22a2c800 JavaThread "Reference Handler" daemon [_thread_blocked, id=16140, stack(0x000000958e100000,0x000000958e200000)]
  0x000001ac22a36000 JavaThread "Finalizer" daemon [_thread_blocked, id=17776, stack(0x000000958e200000,0x000000958e300000)]
  0x000001ac22a96000 JavaThread "Signal Dispatcher" daemon [_thread_blocked, id=6328, stack(0x000000958e300000,0x000000958e400000)]
  0x000001ac22a97800 JavaThread "Attach Listener" daemon [_thread_blocked, id=14276, stack(0x000000958e400000,0x000000958e500000)]
  0x000001ac22a9a000 JavaThread "Service Thread" daemon [_thread_blocked, id=5268, stack(0x000000958e500000,0x000000958e600000)]
=>0x000001ac22a47800 JavaThread "C2 CompilerThread0" daemon [_thread_in_native, id=17984, stack(0x000000958e600000,0x000000958e700000)]
  0x000001ac22a49800 JavaThread "C1 CompilerThread0" daemon [_thread_blocked, id=5272, stack(0x000000958e700000,0x000000958e800000)]
  0x000001ac22a4b000 JavaThread "Sweeper thread" daemon [_thread_blocked, id=14228, stack(0x000000958e800000,0x000000958e900000)]
  0x000001ac22c05000 JavaThread "Common-Cleaner" daemon [_thread_blocked, id=17128, stack(0x000000958ea00000,0x000000958eb00000)]
  0x000001ac22dee000 JavaThread "C2 CompilerThread1" daemon [_thread_in_native, id=7104, stack(0x000000958eb00000,0x000000958ec00000)]

Other Threads:
  0x000001ac22a09000 VMThread "VM Thread" [stack: 0x000000958e000000,0x000000958e100000] [id=19384]
  0x000001ac22bfe000 WatcherThread [stack: 0x000000958e900000,0x000000958ea00000] [id=5368]
  0x000001ac7e305800 GCTaskThread "GC Thread#0" [stack: 0x000000958db00000,0x000000958dc00000] [id=7068]
  0x000001ac7e365800 ConcurrentGCThread "G1 Main Marker" [stack: 0x000000958dc00000,0x000000958dd00000] [id=8200]
  0x000001ac7e366800 ConcurrentGCThread "G1 Conc#0" [stack: 0x000000958dd00000,0x000000958de00000] [id=12484]
  0x000001ac22069800 ConcurrentGCThread "G1 Refine#0" [stack: 0x000000958de00000,0x000000958df00000] [id=10336]
  0x000001ac2206a800 ConcurrentGCThread "G1 Young RemSet Sampling" [stack: 0x000000958df00000,0x000000958e000000] [id=264]

Threads with active compile tasks:
C2 CompilerThread0    650  379 %     4       sun.security.provider.SHA2::implCompress0 @ 3 (466 bytes)
C2 CompilerThread1    651  387 % !   4       com.sun.crypto.provider.PBKDF2KeyImpl::deriveKey @ 191 (295 bytes)

VM state:not at safepoint (normal execution)

VM Mutex/Monitor currently owned by a thread: None

Heap address: 0x0000000700000000, size: 4096 MB, Compressed Oops mode: Zero based, Oop shift amount: 3
Narrow klass base: 0x0000000800000000, Narrow klass shift: 0
Compressed class space size: 1073741824 Address: 0x0000000800000000

Heap:
 garbage-first heap   total 196608K, used 3072K [0x0000000700000000, 0x0000000800000000)
  region size 1024K, 4 young (4096K), 0 survivors (0K)
 Metaspace       used 8330K, capacity 8481K, committed 8832K, reserved 1056768K
  class space    used 751K, capacity 781K, committed 896K, reserved 1048576K
Heap Regions: E=young(eden), S=young(survivor), O=old, HS=humongous(starts), HC=humongous(continues), CS=collection set, F=free, A=archive, TAMS=top-at-mark-start (previous, next)
|   0|0x0000000700000000, 0x0000000700000000, 0x0000000700100000|  0%| F|  |TAMS 0x0000000700000000, 0x0000000700000000| Untracked 
|   1|0x0000000700100000, 0x0000000700100000, 0x0000000700200000|  0%| F|  |TAMS 0x0000000700100000, 0x0000000700100000| Untracked 
|   2|0x0000000700200000, 0x0000000700200000, 0x0000000700300000|  0%| F|  |TAMS 0x0000000700200000, 0x0000000700200000| Untracked 
|   3|0x0000000700300000, 0x0000000700300000, 0x0000000700400000|  0%| F|  |TAMS 0x0000000700300000, 0x0000000700300000| Untracked 
|   4|0x0000000700400000, 0x0000000700400000, 0x0000000700500000|  0%| F|  |TAMS 0x0000000700400000, 0x0000000700400000| Untracked 
|   5|0x0000000700500000, 0x0000000700500000, 0x0000000700600000|  0%| F|  |TAMS 0x0000000700500000, 0x0000000700500000| Untracked 
|   6|0x0000000700600000, 0x0000000700600000, 0x0000000700700000|  0%| F|  |TAMS 0x0000000700600000, 0x0000000700600000| Untracked 
|   7|0x0000000700700000, 0x0000000700700000, 0x0000000700800000|  0%| F|  |TAMS 0x0000000700700000, 0x0000000700700000| Untracked 
|   8|0x0000000700800000, 0x0000000700800000, 0x0000000700900000|  0%| F|  |TAMS 0x0000000700800000, 0x0000000700800000| Untracked 
|   9|0x0000000700900000, 0x0000000700900000, 0x0000000700a00000|  0%| F|  |TAMS 0x0000000700900000, 0x0000000700900000| Untracked 
|  10|0x0000000700a00000, 0x0000000700a00000, 0x0000000700b00000|  0%| F|  |TAMS 0x0000000700a00000, 0x0000000700a00000| Untracked 
|  11|0x0000000700b00000, 0x0000000700b00000, 0x0000000700c00000|  0%| F|  |TAMS 0x0000000700b00000, 0x0000000700b00000| Untracked 
|  12|0x0000000700c00000, 0x0000000700c00000, 0x0000000700d00000|  0%| F|  |TAMS 0x0000000700c00000, 0x0000000700c00000| Untracked 
|  13|0x0000000700d00000, 0x0000000700d00000, 0x0000000700e00000|  0%| F|  |TAMS 0x0000000700d00000, 0x0000000700d00000| Untracked 
|  14|0x0000000700e00000, 0x0000000700e00000, 0x0000000700f00000|  0%| F|  |TAMS 0x0000000700e00000, 0x0000000700e00000| Untracked 
|  15|0x0000000700f00000, 0x0000000700f00000, 0x0000000701000000|  0%| F|  |TAMS 0x0000000700f00000, 0x0000000700f00000| Untracked 
|  16|0x0000000701000000, 0x0000000701000000, 0x0000000701100000|  0%| F|  |TAMS 0x0000000701000000, 0x0000000701000000| Untracked 
|  17|0x0000000701100000, 0x0000000701100000, 0x0000000701200000|  0%| F|  |TAMS 0x0000000701100000, 0x0000000701100000| Untracked 
|  18|0x0000000701200000, 0x0000000701200000, 0x0000000701300000|  0%| F|  |TAMS 0x0000000701200000, 0x0000000701200000| Untracked 
|  19|0x0000000701300000, 0x0000000701300000, 0x0000000701400000|  0%| F|  |TAMS 0x0000000701300000, 0x0000000701300000| Untracked 
|  20|0x0000000701400000, 0x0000000701400000, 0x0000000701500000|  0%| F|  |TAMS 0x0000000701400000, 0x0000000701400000| Untracked 
|  21|0x0000000701500000, 0x0000000701500000, 0x0000000701600000|  0%| F|  |TAMS 0x0000000701500000, 0x0000000701500000| Untracked 
|  22|0x0000000701600000, 0x0000000701600000, 0x0000000701700000|  0%| F|  |TAMS 0x0000000701600000, 0x0000000701600000| Untracked 
|  23|0x0000000701700000, 0x0000000701700000, 0x0000000701800000|  0%| F|  |TAMS 0x0000000701700000, 0x0000000701700000| Untracked 
|  24|0x0000000701800000, 0x0000000701800000, 0x0000000701900000|  0%| F|  |TAMS 0x0000000701800000, 0x0000000701800000| Untracked 
|  25|0x0000000701900000, 0x0000000701900000, 0x0000000701a00000|  0%| F|  |TAMS 0x0000000701900000, 0x0000000701900000| Untracked 
|  26|0x0000000701a00000, 0x0000000701a00000, 0x0000000701b00000|  0%| F|  |TAMS 0x0000000701a00000, 0x0000000701a00000| Untracked 
|  27|0x0000000701b00000, 0x0000000701b00000, 0x0000000701c00000|  0%| F|  |TAMS 0x0000000701b00000, 0x0000000701b00000| Untracked 
|  28|0x0000000701c00000, 0x0000000701c00000, 0x0000000701d00000|  0%| F|  |TAMS 0x0000000701c00000, 0x0000000701c00000| Untracked 
|  29|0x0000000701d00000, 0x0000000701d00000, 0x0000000701e00000|  0%| F|  |TAMS 0x0000000701d00000, 0x0000000701d00000| Untracked 
|  30|0x0000000701e00000, 0x0000000701e00000, 0x0000000701f00000|  0%| F|  |TAMS 0x0000000701e00000, 0x0000000701e00000| Untracked 
|  31|0x0000000701f00000, 0x0000000701f00000, 0x0000000702000000|  0%| F|  |TAMS 0x0000000701f00000, 0x0000000701f00000| Untracked 
|  32|0x0000000702000000, 0x0000000702000000, 0x0000000702100000|  0%| F|  |TAMS 0x0000000702000000, 0x0000000702000000| Untracked 
|  33|0x0000000702100000, 0x0000000702100000, 0x0000000702200000|  0%| F|  |TAMS 0x0000000702100000, 0x0000000702100000| Untracked 
|  34|0x0000000702200000, 0x0000000702200000, 0x0000000702300000|  0%| F|  |TAMS 0x0000000702200000, 0x0000000702200000| Untracked 
|  35|0x0000000702300000, 0x0000000702300000, 0x0000000702400000|  0%| F|  |TAMS 0x0000000702300000, 0x0000000702300000| Untracked 
|  36|0x0000000702400000, 0x0000000702400000, 0x0000000702500000|  0%| F|  |TAMS 0x0000000702400000, 0x0000000702400000| Untracked 
|  37|0x0000000702500000, 0x0000000702500000, 0x0000000702600000|  0%| F|  |TAMS 0x0000000702500000, 0x0000000702500000| Untracked 
|  38|0x0000000702600000, 0x0000000702600000, 0x0000000702700000|  0%| F|  |TAMS 0x0000000702600000, 0x0000000702600000| Untracked 
|  39|0x0000000702700000, 0x0000000702700000, 0x0000000702800000|  0%| F|  |TAMS 0x0000000702700000, 0x0000000702700000| Untracked 
|  40|0x0000000702800000, 0x0000000702800000, 0x0000000702900000|  0%| F|  |TAMS 0x0000000702800000, 0x0000000702800000| Untracked 
|  41|0x0000000702900000, 0x0000000702900000, 0x0000000702a00000|  0%| F|  |TAMS 0x0000000702900000, 0x0000000702900000| Untracked 
|  42|0x0000000702a00000, 0x0000000702a00000, 0x0000000702b00000|  0%| F|  |TAMS 0x0000000702a00000, 0x0000000702a00000| Untracked 
|  43|0x0000000702b00000, 0x0000000702b00000, 0x0000000702c00000|  0%| F|  |TAMS 0x0000000702b00000, 0x0000000702b00000| Untracked 
|  44|0x0000000702c00000, 0x0000000702c00000, 0x0000000702d00000|  0%| F|  |TAMS 0x0000000702c00000, 0x0000000702c00000| Untracked 
|  45|0x0000000702d00000, 0x0000000702d00000, 0x0000000702e00000|  0%| F|  |TAMS 0x0000000702d00000, 0x0000000702d00000| Untracked 
|  46|0x0000000702e00000, 0x0000000702e00000, 0x0000000702f00000|  0%| F|  |TAMS 0x0000000702e00000, 0x0000000702e00000| Untracked 
|  47|0x0000000702f00000, 0x0000000702f00000, 0x0000000703000000|  0%| F|  |TAMS 0x0000000702f00000, 0x0000000702f00000| Untracked 
|  48|0x0000000703000000, 0x0000000703000000, 0x0000000703100000|  0%| F|  |TAMS 0x0000000703000000, 0x0000000703000000| Untracked 
|  49|0x0000000703100000, 0x0000000703100000, 0x0000000703200000|  0%| F|  |TAMS 0x0000000703100000, 0x0000000703100000| Untracked 
|  50|0x0000000703200000, 0x0000000703200000, 0x0000000703300000|  0%| F|  |TAMS 0x0000000703200000, 0x0000000703200000| Untracked 
|  51|0x0000000703300000, 0x0000000703300000, 0x0000000703400000|  0%| F|  |TAMS 0x0000000703300000, 0x0000000703300000| Untracked 
|  52|0x0000000703400000, 0x0000000703400000, 0x0000000703500000|  0%| F|  |TAMS 0x0000000703400000, 0x0000000703400000| Untracked 
|  53|0x0000000703500000, 0x0000000703500000, 0x0000000703600000|  0%| F|  |TAMS 0x0000000703500000, 0x0000000703500000| Untracked 
|  54|0x0000000703600000, 0x0000000703600000, 0x0000000703700000|  0%| F|  |TAMS 0x0000000703600000, 0x0000000703600000| Untracked 
|  55|0x0000000703700000, 0x0000000703700000, 0x0000000703800000|  0%| F|  |TAMS 0x0000000703700000, 0x0000000703700000| Untracked 
|  56|0x0000000703800000, 0x0000000703800000, 0x0000000703900000|  0%| F|  |TAMS 0x0000000703800000, 0x0000000703800000| Untracked 
|  57|0x0000000703900000, 0x0000000703900000, 0x0000000703a00000|  0%| F|  |TAMS 0x0000000703900000, 0x0000000703900000| Untracked 
|  58|0x0000000703a00000, 0x0000000703a00000, 0x0000000703b00000|  0%| F|  |TAMS 0x0000000703a00000, 0x0000000703a00000| Untracked 
|  59|0x0000000703b00000, 0x0000000703b00000, 0x0000000703c00000|  0%| F|  |TAMS 0x0000000703b00000, 0x0000000703b00000| Untracked 
|  60|0x0000000703c00000, 0x0000000703c00000, 0x0000000703d00000|  0%| F|  |TAMS 0x0000000703c00000, 0x0000000703c00000| Untracked 
|  61|0x0000000703d00000, 0x0000000703d00000, 0x0000000703e00000|  0%| F|  |TAMS 0x0000000703d00000, 0x0000000703d00000| Untracked 
|  62|0x0000000703e00000, 0x0000000703e00000, 0x0000000703f00000|  0%| F|  |TAMS 0x0000000703e00000, 0x0000000703e00000| Untracked 
|  63|0x0000000703f00000, 0x0000000703f00000, 0x0000000704000000|  0%| F|  |TAMS 0x0000000703f00000, 0x0000000703f00000| Untracked 
|  64|0x0000000704000000, 0x0000000704000000, 0x0000000704100000|  0%| F|  |TAMS 0x0000000704000000, 0x0000000704000000| Untracked 
|  65|0x0000000704100000, 0x0000000704100000, 0x0000000704200000|  0%| F|  |TAMS 0x0000000704100000, 0x0000000704100000| Untracked 
|  66|0x0000000704200000, 0x0000000704200000, 0x0000000704300000|  0%| F|  |TAMS 0x0000000704200000, 0x0000000704200000| Untracked 
|  67|0x0000000704300000, 0x0000000704300000, 0x0000000704400000|  0%| F|  |TAMS 0x0000000704300000, 0x0000000704300000| Untracked 
|  68|0x0000000704400000, 0x0000000704400000, 0x0000000704500000|  0%| F|  |TAMS 0x0000000704400000, 0x0000000704400000| Untracked 
|  69|0x0000000704500000, 0x0000000704500000, 0x0000000704600000|  0%| F|  |TAMS 0x0000000704500000, 0x0000000704500000| Untracked 
|  70|0x0000000704600000, 0x0000000704600000, 0x0000000704700000|  0%| F|  |TAMS 0x0000000704600000, 0x0000000704600000| Untracked 
|  71|0x0000000704700000, 0x0000000704700000, 0x0000000704800000|  0%| F|  |TAMS 0x0000000704700000, 0x0000000704700000| Untracked 
|  72|0x0000000704800000, 0x0000000704800000, 0x0000000704900000|  0%| F|  |TAMS 0x0000000704800000, 0x0000000704800000| Untracked 
|  73|0x0000000704900000, 0x0000000704900000, 0x0000000704a00000|  0%| F|  |TAMS 0x0000000704900000, 0x0000000704900000| Untracked 
|  74|0x0000000704a00000, 0x0000000704a00000, 0x0000000704b00000|  0%| F|  |TAMS 0x0000000704a00000, 0x0000000704a00000| Untracked 
|  75|0x0000000704b00000, 0x0000000704b00000, 0x0000000704c00000|  0%| F|  |TAMS 0x0000000704b00000, 0x0000000704b00000| Untracked 
|  76|0x0000000704c00000, 0x0000000704c00000, 0x0000000704d00000|  0%| F|  |TAMS 0x0000000704c00000, 0x0000000704c00000| Untracked 
|  77|0x0000000704d00000, 0x0000000704d00000, 0x0000000704e00000|  0%| F|  |TAMS 0x0000000704d00000, 0x0000000704d00000| Untracked 
|  78|0x0000000704e00000, 0x0000000704e00000, 0x0000000704f00000|  0%| F|  |TAMS 0x0000000704e00000, 0x0000000704e00000| Untracked 
|  79|0x0000000704f00000, 0x0000000704f00000, 0x0000000705000000|  0%| F|  |TAMS 0x0000000704f00000, 0x0000000704f00000| Untracked 
|  80|0x0000000705000000, 0x0000000705000000, 0x0000000705100000|  0%| F|  |TAMS 0x0000000705000000, 0x0000000705000000| Untracked 
|  81|0x0000000705100000, 0x0000000705100000, 0x0000000705200000|  0%| F|  |TAMS 0x0000000705100000, 0x0000000705100000| Untracked 
|  82|0x0000000705200000, 0x0000000705200000, 0x0000000705300000|  0%| F|  |TAMS 0x0000000705200000, 0x0000000705200000| Untracked 
|  83|0x0000000705300000, 0x0000000705300000, 0x0000000705400000|  0%| F|  |TAMS 0x0000000705300000, 0x0000000705300000| Untracked 
|  84|0x0000000705400000, 0x0000000705400000, 0x0000000705500000|  0%| F|  |TAMS 0x0000000705400000, 0x0000000705400000| Untracked 
|  85|0x0000000705500000, 0x0000000705500000, 0x0000000705600000|  0%| F|  |TAMS 0x0000000705500000, 0x0000000705500000| Untracked 
|  86|0x0000000705600000, 0x0000000705600000, 0x0000000705700000|  0%| F|  |TAMS 0x0000000705600000, 0x0000000705600000| Untracked 
|  87|0x0000000705700000, 0x0000000705700000, 0x0000000705800000|  0%| F|  |TAMS 0x0000000705700000, 0x0000000705700000| Untracked 
|  88|0x0000000705800000, 0x0000000705800000, 0x0000000705900000|  0%| F|  |TAMS 0x0000000705800000, 0x0000000705800000| Untracked 
|  89|0x0000000705900000, 0x0000000705900000, 0x0000000705a00000|  0%| F|  |TAMS 0x0000000705900000, 0x0000000705900000| Untracked 
|  90|0x0000000705a00000, 0x0000000705a00000, 0x0000000705b00000|  0%| F|  |TAMS 0x0000000705a00000, 0x0000000705a00000| Untracked 
|  91|0x0000000705b00000, 0x0000000705b00000, 0x0000000705c00000|  0%| F|  |TAMS 0x0000000705b00000, 0x0000000705b00000| Untracked 
|  92|0x0000000705c00000, 0x0000000705c00000, 0x0000000705d00000|  0%| F|  |TAMS 0x0000000705c00000, 0x0000000705c00000| Untracked 
|  93|0x0000000705d00000, 0x0000000705d00000, 0x0000000705e00000|  0%| F|  |TAMS 0x0000000705d00000, 0x0000000705d00000| Untracked 
|  94|0x0000000705e00000, 0x0000000705e00000, 0x0000000705f00000|  0%| F|  |TAMS 0x0000000705e00000, 0x0000000705e00000| Untracked 
|  95|0x0000000705f00000, 0x0000000705f00000, 0x0000000706000000|  0%| F|  |TAMS 0x0000000705f00000, 0x0000000705f00000| Untracked 
|  96|0x0000000706000000, 0x0000000706000000, 0x0000000706100000|  0%| F|  |TAMS 0x0000000706000000, 0x0000000706000000| Untracked 
|  97|0x0000000706100000, 0x0000000706100000, 0x0000000706200000|  0%| F|  |TAMS 0x0000000706100000, 0x0000000706100000| Untracked 
|  98|0x0000000706200000, 0x0000000706200000, 0x0000000706300000|  0%| F|  |TAMS 0x0000000706200000, 0x0000000706200000| Untracked 
|  99|0x0000000706300000, 0x0000000706300000, 0x0000000706400000|  0%| F|  |TAMS 0x0000000706300000, 0x0000000706300000| Untracked 
| 100|0x0000000706400000, 0x0000000706400000, 0x0000000706500000|  0%| F|  |TAMS 0x0000000706400000, 0x0000000706400000| Untracked 
| 101|0x0000000706500000, 0x0000000706500000, 0x0000000706600000|  0%| F|  |TAMS 0x0000000706500000, 0x0000000706500000| Untracked 
| 102|0x0000000706600000, 0x0000000706600000, 0x0000000706700000|  0%| F|  |TAMS 0x0000000706600000, 0x0000000706600000| Untracked 
| 103|0x0000000706700000, 0x0000000706700000, 0x0000000706800000|  0%| F|  |TAMS 0x0000000706700000, 0x0000000706700000| Untracked 
| 104|0x0000000706800000, 0x0000000706800000, 0x0000000706900000|  0%| F|  |TAMS 0x0000000706800000, 0x0000000706800000| Untracked 
| 105|0x0000000706900000, 0x0000000706900000, 0x0000000706a00000|  0%| F|  |TAMS 0x0000000706900000, 0x0000000706900000| Untracked 
| 106|0x0000000706a00000, 0x0000000706a00000, 0x0000000706b00000|  0%| F|  |TAMS 0x0000000706a00000, 0x0000000706a00000| Untracked 
| 107|0x0000000706b00000, 0x0000000706b00000, 0x0000000706c00000|  0%| F|  |TAMS 0x0000000706b00000, 0x0000000706b00000| Untracked 
| 108|0x0000000706c00000, 0x0000000706c00000, 0x0000000706d00000|  0%| F|  |TAMS 0x0000000706c00000, 0x0000000706c00000| Untracked 
| 109|0x0000000706d00000, 0x0000000706d00000, 0x0000000706e00000|  0%| F|  |TAMS 0x0000000706d00000, 0x0000000706d00000| Untracked 
| 110|0x0000000706e00000, 0x0000000706e00000, 0x0000000706f00000|  0%| F|  |TAMS 0x0000000706e00000, 0x0000000706e00000| Untracked 
| 111|0x0000000706f00000, 0x0000000706f00000, 0x0000000707000000|  0%| F|  |TAMS 0x0000000706f00000, 0x0000000706f00000| Untracked 
| 112|0x0000000707000000, 0x0000000707000000, 0x0000000707100000|  0%| F|  |TAMS 0x0000000707000000, 0x0000000707000000| Untracked 
| 113|0x0000000707100000, 0x0000000707100000, 0x0000000707200000|  0%| F|  |TAMS 0x0000000707100000, 0x0000000707100000| Untracked 
| 114|0x0000000707200000, 0x0000000707200000, 0x0000000707300000|  0%| F|  |TAMS 0x0000000707200000, 0x0000000707200000| Untracked 
| 115|0x0000000707300000, 0x0000000707300000, 0x0000000707400000|  0%| F|  |TAMS 0x0000000707300000, 0x0000000707300000| Untracked 
| 116|0x0000000707400000, 0x0000000707400000, 0x0000000707500000|  0%| F|  |TAMS 0x0000000707400000, 0x0000000707400000| Untracked 
| 117|0x0000000707500000, 0x0000000707500000, 0x0000000707600000|  0%| F|  |TAMS 0x0000000707500000, 0x0000000707500000| Untracked 
| 118|0x0000000707600000, 0x0000000707600000, 0x0000000707700000|  0%| F|  |TAMS 0x0000000707600000, 0x0000000707600000| Untracked 
| 119|0x0000000707700000, 0x0000000707700000, 0x0000000707800000|  0%| F|  |TAMS 0x0000000707700000, 0x0000000707700000| Untracked 
| 120|0x0000000707800000, 0x0000000707800000, 0x0000000707900000|  0%| F|  |TAMS 0x0000000707800000, 0x0000000707800000| Untracked 
| 121|0x0000000707900000, 0x0000000707900000, 0x0000000707a00000|  0%| F|  |TAMS 0x0000000707900000, 0x0000000707900000| Untracked 
| 122|0x0000000707a00000, 0x0000000707a00000, 0x0000000707b00000|  0%| F|  |TAMS 0x0000000707a00000, 0x0000000707a00000| Untracked 
| 123|0x0000000707b00000, 0x0000000707b00000, 0x0000000707c00000|  0%| F|  |TAMS 0x0000000707b00000, 0x0000000707b00000| Untracked 
| 124|0x0000000707c00000, 0x0000000707c00000, 0x0000000707d00000|  0%| F|  |TAMS 0x0000000707c00000, 0x0000000707c00000| Untracked 
| 125|0x0000000707d00000, 0x0000000707d00000, 0x0000000707e00000|  0%| F|  |TAMS 0x0000000707d00000, 0x0000000707d00000| Untracked 
| 126|0x0000000707e00000, 0x0000000707e00000, 0x0000000707f00000|  0%| F|  |TAMS 0x0000000707e00000, 0x0000000707e00000| Untracked 
| 127|0x0000000707f00000, 0x0000000707f00000, 0x0000000708000000|  0%| F|  |TAMS 0x0000000707f00000, 0x0000000707f00000| Untracked 
| 128|0x0000000708000000, 0x0000000708000000, 0x0000000708100000|  0%| F|  |TAMS 0x0000000708000000, 0x0000000708000000| Untracked 
| 129|0x0000000708100000, 0x0000000708100000, 0x0000000708200000|  0%| F|  |TAMS 0x0000000708100000, 0x0000000708100000| Untracked 
| 130|0x0000000708200000, 0x0000000708200000, 0x0000000708300000|  0%| F|  |TAMS 0x0000000708200000, 0x0000000708200000| Untracked 
| 131|0x0000000708300000, 0x0000000708300000, 0x0000000708400000|  0%| F|  |TAMS 0x0000000708300000, 0x0000000708300000| Untracked 
| 132|0x0000000708400000, 0x0000000708400000, 0x0000000708500000|  0%| F|  |TAMS 0x0000000708400000, 0x0000000708400000| Untracked 
| 133|0x0000000708500000, 0x0000000708500000, 0x0000000708600000|  0%| F|  |TAMS 0x0000000708500000, 0x0000000708500000| Untracked 
| 134|0x0000000708600000, 0x0000000708600000, 0x0000000708700000|  0%| F|  |TAMS 0x0000000708600000, 0x0000000708600000| Untracked 
| 135|0x0000000708700000, 0x0000000708700000, 0x0000000708800000|  0%| F|  |TAMS 0x0000000708700000, 0x0000000708700000| Untracked 
| 136|0x0000000708800000, 0x0000000708800000, 0x0000000708900000|  0%| F|  |TAMS 0x0000000708800000, 0x0000000708800000| Untracked 
| 137|0x0000000708900000, 0x0000000708900000, 0x0000000708a00000|  0%| F|  |TAMS 0x0000000708900000, 0x0000000708900000| Untracked 
| 138|0x0000000708a00000, 0x0000000708a00000, 0x0000000708b00000|  0%| F|  |TAMS 0x0000000708a00000, 0x0000000708a00000| Untracked 
| 139|0x0000000708b00000, 0x0000000708b00000, 0x0000000708c00000|  0%| F|  |TAMS 0x0000000708b00000, 0x0000000708b00000| Untracked 
| 140|0x0000000708c00000, 0x0000000708c00000, 0x0000000708d00000|  0%| F|  |TAMS 0x0000000708c00000, 0x0000000708c00000| Untracked 
| 141|0x0000000708d00000, 0x0000000708d00000, 0x0000000708e00000|  0%| F|  |TAMS 0x0000000708d00000, 0x0000000708d00000| Untracked 
| 142|0x0000000708e00000, 0x0000000708e00000, 0x0000000708f00000|  0%| F|  |TAMS 0x0000000708e00000, 0x0000000708e00000| Untracked 
| 143|0x0000000708f00000, 0x0000000708f00000, 0x0000000709000000|  0%| F|  |TAMS 0x0000000708f00000, 0x0000000708f00000| Untracked 
| 144|0x0000000709000000, 0x0000000709000000, 0x0000000709100000|  0%| F|  |TAMS 0x0000000709000000, 0x0000000709000000| Untracked 
| 145|0x0000000709100000, 0x0000000709100000, 0x0000000709200000|  0%| F|  |TAMS 0x0000000709100000, 0x0000000709100000| Untracked 
| 146|0x0000000709200000, 0x0000000709200000, 0x0000000709300000|  0%| F|  |TAMS 0x0000000709200000, 0x0000000709200000| Untracked 
| 147|0x0000000709300000, 0x0000000709300000, 0x0000000709400000|  0%| F|  |TAMS 0x0000000709300000, 0x0000000709300000| Untracked 
| 148|0x0000000709400000, 0x0000000709400000, 0x0000000709500000|  0%| F|  |TAMS 0x0000000709400000, 0x0000000709400000| Untracked 
| 149|0x0000000709500000, 0x0000000709500000, 0x0000000709600000|  0%| F|  |TAMS 0x0000000709500000, 0x0000000709500000| Untracked 
| 150|0x0000000709600000, 0x0000000709600000, 0x0000000709700000|  0%| F|  |TAMS 0x0000000709600000, 0x0000000709600000| Untracked 
| 151|0x0000000709700000, 0x0000000709700000, 0x0000000709800000|  0%| F|  |TAMS 0x0000000709700000, 0x0000000709700000| Untracked 
| 152|0x0000000709800000, 0x0000000709800000, 0x0000000709900000|  0%| F|  |TAMS 0x0000000709800000, 0x0000000709800000| Untracked 
| 153|0x0000000709900000, 0x0000000709900000, 0x0000000709a00000|  0%| F|  |TAMS 0x0000000709900000, 0x0000000709900000| Untracked 
| 154|0x0000000709a00000, 0x0000000709a00000, 0x0000000709b00000|  0%| F|  |TAMS 0x0000000709a00000, 0x0000000709a00000| Untracked 
| 155|0x0000000709b00000, 0x0000000709b00000, 0x0000000709c00000|  0%| F|  |TAMS 0x0000000709b00000, 0x0000000709b00000| Untracked 
| 156|0x0000000709c00000, 0x0000000709c00000, 0x0000000709d00000|  0%| F|  |TAMS 0x0000000709c00000, 0x0000000709c00000| Untracked 
| 157|0x0000000709d00000, 0x0000000709d00000, 0x0000000709e00000|  0%| F|  |TAMS 0x0000000709d00000, 0x0000000709d00000| Untracked 
| 158|0x0000000709e00000, 0x0000000709e00000, 0x0000000709f00000|  0%| F|  |TAMS 0x0000000709e00000, 0x0000000709e00000| Untracked 
| 159|0x0000000709f00000, 0x0000000709f00000, 0x000000070a000000|  0%| F|  |TAMS 0x0000000709f00000, 0x0000000709f00000| Untracked 
| 160|0x000000070a000000, 0x000000070a000000, 0x000000070a100000|  0%| F|  |TAMS 0x000000070a000000, 0x000000070a000000| Untracked 
| 161|0x000000070a100000, 0x000000070a100000, 0x000000070a200000|  0%| F|  |TAMS 0x000000070a100000, 0x000000070a100000| Untracked 
| 162|0x000000070a200000, 0x000000070a200000, 0x000000070a300000|  0%| F|  |TAMS 0x000000070a200000, 0x000000070a200000| Untracked 
| 163|0x000000070a300000, 0x000000070a300000, 0x000000070a400000|  0%| F|  |TAMS 0x000000070a300000, 0x000000070a300000| Untracked 
| 164|0x000000070a400000, 0x000000070a400000, 0x000000070a500000|  0%| F|  |TAMS 0x000000070a400000, 0x000000070a400000| Untracked 
| 165|0x000000070a500000, 0x000000070a500000, 0x000000070a600000|  0%| F|  |TAMS 0x000000070a500000, 0x000000070a500000| Untracked 
| 166|0x000000070a600000, 0x000000070a600000, 0x000000070a700000|  0%| F|  |TAMS 0x000000070a600000, 0x000000070a600000| Untracked 
| 167|0x000000070a700000, 0x000000070a700000, 0x000000070a800000|  0%| F|  |TAMS 0x000000070a700000, 0x000000070a700000| Untracked 
| 168|0x000000070a800000, 0x000000070a800000, 0x000000070a900000|  0%| F|  |TAMS 0x000000070a800000, 0x000000070a800000| Untracked 
| 169|0x000000070a900000, 0x000000070a900000, 0x000000070aa00000|  0%| F|  |TAMS 0x000000070a900000, 0x000000070a900000| Untracked 
| 170|0x000000070aa00000, 0x000000070aa00000, 0x000000070ab00000|  0%| F|  |TAMS 0x000000070aa00000, 0x000000070aa00000| Untracked 
| 171|0x000000070ab00000, 0x000000070ab00000, 0x000000070ac00000|  0%| F|  |TAMS 0x000000070ab00000, 0x000000070ab00000| Untracked 
| 172|0x000000070ac00000, 0x000000070ac00000, 0x000000070ad00000|  0%| F|  |TAMS 0x000000070ac00000, 0x000000070ac00000| Untracked 
| 173|0x000000070ad00000, 0x000000070ad00000, 0x000000070ae00000|  0%| F|  |TAMS 0x000000070ad00000, 0x000000070ad00000| Untracked 
| 174|0x000000070ae00000, 0x000000070ae00000, 0x000000070af00000|  0%| F|  |TAMS 0x000000070ae00000, 0x000000070ae00000| Untracked 
| 175|0x000000070af00000, 0x000000070af00000, 0x000000070b000000|  0%| F|  |TAMS 0x000000070af00000, 0x000000070af00000| Untracked 
| 176|0x000000070b000000, 0x000000070b000000, 0x000000070b100000|  0%| F|  |TAMS 0x000000070b000000, 0x000000070b000000| Untracked 
| 177|0x000000070b100000, 0x000000070b100000, 0x000000070b200000|  0%| F|  |TAMS 0x000000070b100000, 0x000000070b100000| Untracked 
| 178|0x000000070b200000, 0x000000070b200000, 0x000000070b300000|  0%| F|  |TAMS 0x000000070b200000, 0x000000070b200000| Untracked 
| 179|0x000000070b300000, 0x000000070b300000, 0x000000070b400000|  0%| F|  |TAMS 0x000000070b300000, 0x000000070b300000| Untracked 
| 180|0x000000070b400000, 0x000000070b400000, 0x000000070b500000|  0%| F|  |TAMS 0x000000070b400000, 0x000000070b400000| Untracked 
| 181|0x000000070b500000, 0x000000070b500000, 0x000000070b600000|  0%| F|  |TAMS 0x000000070b500000, 0x000000070b500000| Untracked 
| 182|0x000000070b600000, 0x000000070b600000, 0x000000070b700000|  0%| F|  |TAMS 0x000000070b600000, 0x000000070b600000| Untracked 
| 183|0x000000070b700000, 0x000000070b700000, 0x000000070b800000|  0%| F|  |TAMS 0x000000070b700000, 0x000000070b700000| Untracked 
| 184|0x000000070b800000, 0x000000070b800000, 0x000000070b900000|  0%| F|  |TAMS 0x000000070b800000, 0x000000070b800000| Untracked 
| 185|0x000000070b900000, 0x000000070b900000, 0x000000070ba00000|  0%| F|  |TAMS 0x000000070b900000, 0x000000070b900000| Untracked 
| 186|0x000000070ba00000, 0x000000070ba00000, 0x000000070bb00000|  0%| F|  |TAMS 0x000000070ba00000, 0x000000070ba00000| Untracked 
| 187|0x000000070bb00000, 0x000000070bb00000, 0x000000070bc00000|  0%| F|  |TAMS 0x000000070bb00000, 0x000000070bb00000| Untracked 
| 188|0x000000070bc00000, 0x000000070bcf6470, 0x000000070bd00000| 96%| E|  |TAMS 0x000000070bc00000, 0x000000070bc00000| Complete 
| 189|0x000000070bd00000, 0x000000070be00000, 0x000000070be00000|100%| E|CS|TAMS 0x000000070bd00000, 0x000000070bd00000| Complete 
| 190|0x000000070be00000, 0x000000070bf00000, 0x000000070bf00000|100%| E|CS|TAMS 0x000000070be00000, 0x000000070be00000| Complete 
| 191|0x000000070bf00000, 0x000000070c000000, 0x000000070c000000|100%| E|CS|TAMS 0x000000070bf00000, 0x000000070bf00000| Complete 

Card table byte_map: [0x000001ac7ef00000,0x000001ac7f700000] _byte_map_base: 0x000001ac7b700000

Marking Bits (Prev, Next): (CMBitMap*) 0x000001ac7e354898, (CMBitMap*) 0x000001ac7e3548d0
 Prev Bits: [0x000001ac17660000, 0x000001ac1b660000)
 Next Bits: [0x000001ac1b660000, 0x000001ac1f660000)

Polling page: 0x000001ac7c1c0000

Metaspace:

Usage:
  Non-class:      7.52 MB capacity,     7.40 MB ( 98%) used,   115.06 KB (  1%) free+waste,     6.13 KB ( <1%) overhead. 
      Class:    781.00 KB capacity,   751.27 KB ( 96%) used,    27.04 KB (  3%) free+waste,     2.69 KB ( <1%) overhead. 
       Both:      8.28 MB capacity,     8.13 MB ( 98%) used,   142.10 KB (  2%) free+waste,     8.81 KB ( <1%) overhead. 

Virtual space:
  Non-class space:        8.00 MB reserved,       7.75 MB ( 97%) committed 
      Class space:        1.00 GB reserved,     896.00 KB ( <1%) committed 
             Both:        1.01 GB reserved,       8.63 MB ( <1%) committed 

Chunk freelists:
   Non-Class:  44.00 KB
       Class:  19.00 KB
        Both:  63.00 KB

MaxMetaspaceSize: 17179869184.00 GB
CompressedClassSpaceSize: 1.00 GB
Initial GC threshold: 20.80 MB
Current GC threshold: 20.80 MB
CDS: off

CodeHeap 'non-profiled nmethods': size=120000Kb used=116Kb max_used=116Kb free=119883Kb
 bounds [0x000001ac10130000, 0x000001ac103a0000, 0x000001ac17660000]
CodeHeap 'profiled nmethods': size=120000Kb used=541Kb max_used=541Kb free=119458Kb
 bounds [0x000001ac08c00000, 0x000001ac08e70000, 0x000001ac10130000]
CodeHeap 'non-nmethods': size=5760Kb used=1115Kb max_used=1129Kb free=4644Kb
 bounds [0x000001ac08660000, 0x000001ac088d0000, 0x000001ac08c00000]
 total_blobs=744 nmethods=381 adapters=276
 compilation: enabled
              stopped_count=0, restarted_count=0
 full_count=0

Compilation events (20 events):
Event: 0.592 Thread 0x000001ac22a49800 nmethod 367 0x000001ac08c7fe90 code [0x000001ac08c80080, 0x000001ac08c80688]
Event: 0.592 Thread 0x000001ac22a49800  368       3       java.security.MessageDigest$Delegate::engineGetDigestLength (8 bytes)
Event: 0.593 Thread 0x000001ac22a49800 nmethod 368 0x000001ac08c80890 code [0x000001ac08c80a40, 0x000001ac08c80c08]
Event: 0.593 Thread 0x000001ac22a49800  369       3       javax.crypto.Mac::doFinal (64 bytes)
Event: 0.593 Thread 0x000001ac22a49800 nmethod 369 0x000001ac08c80d10 code [0x000001ac08c80f40, 0x000001ac08c814a8]
Event: 0.593 Thread 0x000001ac22a49800  370       3       javax.crypto.Mac::doFinal (38 bytes)
Event: 0.593 Thread 0x000001ac22a49800 nmethod 370 0x000001ac08c81710 code [0x000001ac08c81900, 0x000001ac08c81cb8]
Event: 0.593 Thread 0x000001ac22a49800  371   !   3       com.sun.crypto.provider.HmacCore::engineDoFinal (78 bytes)
Event: 0.594 Thread 0x000001ac22a47800 nmethod 355% 0x000001ac1014a010 code [0x000001ac1014a1a0, 0x000001ac1014a338]
Event: 0.594 Thread 0x000001ac22a49800 nmethod 371 0x000001ac08c81e10 code [0x000001ac08c82060, 0x000001ac08c82b38]
Event: 0.594 Thread 0x000001ac22a47800  375       4       java.util.Arrays::fill (21 bytes)
Event: 0.595 Thread 0x000001ac22a49800  376       3       sun.security.provider.SHA2::implReset (13 bytes)
Event: 0.596 Thread 0x000001ac22a49800 nmethod 376 0x000001ac08c82f90 code [0x000001ac08c83160, 0x000001ac08c833b8]
Event: 0.597 Thread 0x000001ac22dee000 nmethod 347% 0x000001ac1014a490 code [0x000001ac1014a640, 0x000001ac1014aeb8]
Event: 0.597 Thread 0x000001ac22dee000  378       4       java.util.Arrays::fill (21 bytes)
Event: 0.597 Thread 0x000001ac22a47800 nmethod 375 0x000001ac1014b110 code [0x000001ac1014b2a0, 0x000001ac1014b398]
Event: 0.598 Thread 0x000001ac22a47800  379 %     4       sun.security.provider.SHA2::implCompress0 @ 3 (466 bytes)
Event: 0.600 Thread 0x000001ac22dee000 nmethod 378 0x000001ac1014b490 code [0x000001ac1014b620, 0x000001ac1014b738]
Event: 0.600 Thread 0x000001ac22dee000  377       4       sun.security.provider.DigestBase::engineUpdate (189 bytes)
Event: 0.609 Thread 0x000001ac22a49800  383 % !   3       com.sun.crypto.provider.PBKDF2KeyImpl::deriveKey @ 191 (295 bytes)

GC Heap History (0 events):
No events

Deoptimization events (20 events):
Event: 0.606 Thread 0x000001ac7e2ec800 DEOPT PACKING pc=0x000001ac08c71dce sp=0x000000958dafdb80
Event: 0.606 Thread 0x000001ac7e2ec800 DEOPT UNPACKING pc=0x000001ac086aa95e sp=0x000000958dafcfd8 mode 0
Event: 0.607 Thread 0x000001ac7e2ec800 DEOPT PACKING pc=0x000001ac08c71dce sp=0x000000958dafda20
Event: 0.607 Thread 0x000001ac7e2ec800 DEOPT UNPACKING pc=0x000001ac086aa95e sp=0x000000958dafce78 mode 0
Event: 0.607 Thread 0x000001ac7e2ec800 DEOPT PACKING pc=0x000001ac08c71dce sp=0x000000958dafdae0
Event: 0.607 Thread 0x000001ac7e2ec800 DEOPT UNPACKING pc=0x000001ac086aa95e sp=0x000000958dafcf38 mode 0
Event: 0.607 Thread 0x000001ac7e2ec800 DEOPT PACKING pc=0x000001ac08c71dce sp=0x000000958dafda20
Event: 0.607 Thread 0x000001ac7e2ec800 DEOPT UNPACKING pc=0x000001ac086aa95e sp=0x000000958dafce78 mode 0
Event: 0.608 Thread 0x000001ac7e2ec800 DEOPT PACKING pc=0x000001ac08c71dce sp=0x000000958dafdb80
Event: 0.608 Thread 0x000001ac7e2ec800 DEOPT UNPACKING pc=0x000001ac086aa95e sp=0x000000958dafcfd8 mode 0
Event: 0.608 Thread 0x000001ac7e2ec800 DEOPT PACKING pc=0x000001ac08c71dce sp=0x000000958dafda20
Event: 0.608 Thread 0x000001ac7e2ec800 DEOPT UNPACKING pc=0x000001ac086aa95e sp=0x000000958dafce78 mode 0
Event: 0.608 Thread 0x000001ac7e2ec800 DEOPT PACKING pc=0x000001ac08c71dce sp=0x000000958dafdae0
Event: 0.608 Thread 0x000001ac7e2ec800 DEOPT UNPACKING pc=0x000001ac086aa95e sp=0x000000958dafcf38 mode 0
Event: 0.608 Thread 0x000001ac7e2ec800 DEOPT PACKING pc=0x000001ac08c71dce sp=0x000000958dafda20
Event: 0.608 Thread 0x000001ac7e2ec800 DEOPT UNPACKING pc=0x000001ac086aa95e sp=0x000000958dafce78 mode 0
Event: 0.609 Thread 0x000001ac7e2ec800 DEOPT PACKING pc=0x000001ac08c71dce sp=0x000000958dafdb80
Event: 0.609 Thread 0x000001ac7e2ec800 DEOPT UNPACKING pc=0x000001ac086aa95e sp=0x000000958dafcfd8 mode 0
Event: 0.610 Thread 0x000001ac7e2ec800 DEOPT PACKING pc=0x000001ac08c71dce sp=0x000000958dafda20
Event: 0.610 Thread 0x000001ac7e2ec800 DEOPT UNPACKING pc=0x000001ac086aa95e sp=0x000000958dafce78 mode 0

Classes redefined (0 events):
No events

Internal exceptions (4 events):
Event: 0.223 Thread 0x000001ac7e2ec800 Exception <a 'java/lang/NoSuchMethodError'{0x000000070bea0550}: 'java.lang.Object java.lang.invoke.DirectMethodHandle$Holder.invokeStaticInit(java.lang.Object, int, int, int, int)'> (0x000000070bea0550) thrown at [./src/hotspot/share/interpreter/linkResolver.cpp, line 773]
Event: 0.436 Thread 0x000001ac7e2ec800 Exception <a 'java/lang/NoSuchMethodError'{0x000000070bee84c0}: 'java.lang.Object java.lang.invoke.DirectMethodHandle$Holder.invokeStaticInit(java.lang.Object, java.lang.Object, int, int, int, int)'> (0x000000070bee84c0) thrown at [./src/hotspot/share/interpreter/linkResolver.cpp, line 773]
Event: 0.540 Thread 0x000001ac7e2ec800 Exception <a 'sun/nio/fs/WindowsException'{0x000000070bc10a10}> (0x000000070bc10a10) thrown at [./src/hotspot/share/prims/jni.cpp, line 616]
Event: 0.543 Thread 0x000001ac7e2ec800 Exception <a 'java/lang/NoSuchMethodError'{0x000000070bc18528}: 'int java.lang.invoke.DirectMethodHandle$Holder.invokeSpecialIFC(java.lang.Object, java.lang.Object, int)'> (0x000000070bc18528) thrown at [./src/hotspot/share/interpreter/linkResolver.cpp, line 773]

Events (20 events):
Event: 0.570 loading class com/sun/crypto/provider/PBKDF2Core$HmacSHA256
Event: 0.570 loading class com/sun/crypto/provider/PBKDF2Core
Event: 0.571 loading class com/sun/crypto/provider/PBKDF2Core done
Event: 0.571 loading class com/sun/crypto/provider/PBKDF2Core$HmacSHA256 done
Event: 0.571 loading class com/sun/crypto/provider/CipherBlockChaining
Event: 0.571 loading class com/sun/crypto/provider/CipherBlockChaining done
Event: 0.571 loading class javax/crypto/interfaces/PBEKey
Event: 0.571 loading class javax/crypto/interfaces/PBEKey done
Event: 0.571 loading class com/sun/crypto/provider/PBKDF2KeyImpl
Event: 0.572 loading class com/sun/crypto/provider/PBKDF2KeyImpl done
Event: 0.572 loading class javax/crypto/Mac
Event: 0.572 loading class javax/crypto/Mac done
Event: 0.572 loading class javax/crypto/MacSpi
Event: 0.572 loading class javax/crypto/MacSpi done
Event: 0.572 loading class com/sun/crypto/provider/HmacCore$HmacSHA256
Event: 0.572 loading class com/sun/crypto/provider/HmacCore
Event: 0.572 loading class com/sun/crypto/provider/HmacCore done
Event: 0.572 loading class com/sun/crypto/provider/HmacCore$HmacSHA256 done
Event: 0.573 loading class com/sun/crypto/provider/PBKDF2KeyImpl$1
Event: 0.573 loading class com/sun/crypto/provider/PBKDF2KeyImpl$1 done


Dynamic libraries:
0x00007ff628660000 - 0x00007ff62866d000 	C:\Program Files\Unity\Hub\Editor\2022.3.11f1\Editor\Data\PlaybackEngines\AndroidPlayer\OpenJDK\bin\java.exe
0x00007ff8af650000 - 0x00007ff8af845000 	C:\Windows\SYSTEM32\ntdll.dll
0x00007ff8ad860000 - 0x00007ff8ad91d000 	C:\Windows\System32\KERNEL32.DLL
0x00007ff8acd90000 - 0x00007ff8ad058000 	C:\Windows\System32\KERNELBASE.dll
0x00007ff8ad190000 - 0x00007ff8ad290000 	C:\Windows\System32\ucrtbase.dll
0x00007ff8a0880000 - 0x00007ff8a0897000 	C:\Program Files\Unity\Hub\Editor\2022.3.11f1\Editor\Data\PlaybackEngines\AndroidPlayer\OpenJDK\bin\jli.dll
0x00007ff89c340000 - 0x00007ff89c355000 	C:\Program Files\Unity\Hub\Editor\2022.3.11f1\Editor\Data\PlaybackEngines\AndroidPlayer\OpenJDK\bin\VCRUNTIME140.dll
0x00007ff8af470000 - 0x00007ff8af610000 	C:\Windows\System32\USER32.dll
0x00007ff8ad290000 - 0x00007ff8ad2b2000 	C:\Windows\System32\win32u.dll
0x00007ff8995b0000 - 0x00007ff89984a000 	C:\Windows\WinSxS\amd64_microsoft.windows.common-controls_6595b64144ccf1df_6.0.19041.844_none_ca00b6081b84eb1d\COMCTL32.dll
0x00007ff8aec90000 - 0x00007ff8aecba000 	C:\Windows\System32\GDI32.dll
0x00007ff8ad6d0000 - 0x00007ff8ad76e000 	C:\Windows\System32\msvcrt.dll
0x00007ff8ad2c0000 - 0x00007ff8ad3cb000 	C:\Windows\System32\gdi32full.dll
0x00007ff8ad590000 - 0x00007ff8ad62d000 	C:\Windows\System32\msvcp_win.dll
0x00007ff8aecc0000 - 0x00007ff8aecf0000 	C:\Windows\System32\IMM32.DLL
0x00007ff889b70000 - 0x00007ff889c0b000 	C:\Program Files\Unity\Hub\Editor\2022.3.11f1\Editor\Data\PlaybackEngines\AndroidPlayer\OpenJDK\bin\msvcp140.dll
0x00007ffff7990000 - 0x00007ffff8511000 	C:\Program Files\Unity\Hub\Editor\2022.3.11f1\Editor\Data\PlaybackEngines\AndroidPlayer\OpenJDK\bin\server\jvm.dll
0x00007ff8adb10000 - 0x00007ff8adbbc000 	C:\Windows\System32\ADVAPI32.dll
0x00007ff8af2b0000 - 0x00007ff8af34b000 	C:\Windows\System32\sechost.dll
0x00007ff8aeb00000 - 0x00007ff8aec2b000 	C:\Windows\System32\RPCRT4.dll
0x00007ff8ae3a0000 - 0x00007ff8ae3a8000 	C:\Windows\System32\PSAPI.DLL
0x00007ff89d670000 - 0x00007ff89d697000 	C:\Windows\SYSTEM32\WINMM.dll
0x00007ff89c320000 - 0x00007ff89c329000 	C:\Windows\SYSTEM32\WSOCK32.dll
0x00007ff8a6790000 - 0x00007ff8a679a000 	C:\Windows\SYSTEM32\VERSION.dll
0x00007ff8ae050000 - 0x00007ff8ae0bb000 	C:\Windows\System32\WS2_32.dll
0x00007ff8ab660000 - 0x00007ff8ab672000 	C:\Windows\SYSTEM32\kernel.appcore.dll
0x00007ff8a0870000 - 0x00007ff8a0880000 	C:\Program Files\Unity\Hub\Editor\2022.3.11f1\Editor\Data\PlaybackEngines\AndroidPlayer\OpenJDK\bin\verify.dll
0x00007ff89cd40000 - 0x00007ff89cf24000 	C:\Windows\SYSTEM32\DBGHELP.DLL
0x00007ff896560000 - 0x00007ff89658c000 	C:\Windows\SYSTEM32\dbgcore.DLL
0x00007ff8ad060000 - 0x00007ff8ad0e0000 	C:\Windows\System32\bcryptPrimitives.dll
0x00007ff87d760000 - 0x00007ff87d788000 	C:\Program Files\Unity\Hub\Editor\2022.3.11f1\Editor\Data\PlaybackEngines\AndroidPlayer\OpenJDK\bin\java.dll
0x00007ff89faf0000 - 0x00007ff89fafa000 	C:\Program Files\Unity\Hub\Editor\2022.3.11f1\Editor\Data\PlaybackEngines\AndroidPlayer\OpenJDK\bin\jimage.dll
0x00007ff88e920000 - 0x00007ff88e938000 	C:\Program Files\Unity\Hub\Editor\2022.3.11f1\Editor\Data\PlaybackEngines\AndroidPlayer\OpenJDK\bin\zip.dll
0x00007ff8ae3b0000 - 0x00007ff8aeaf2000 	C:\Windows\System32\SHELL32.dll
0x00007ff8aadf0000 - 0x00007ff8ab581000 	C:\Windows\SYSTEM32\windows.storage.dll
0x00007ff8adcf0000 - 0x00007ff8ae045000 	C:\Windows\System32\combase.dll
0x00007ff8ac800000 - 0x00007ff8ac82c000 	C:\Windows\SYSTEM32\Wldp.dll
0x00007ff8ada60000 - 0x00007ff8adb0e000 	C:\Windows\System32\SHCORE.dll
0x00007ff8aec30000 - 0x00007ff8aec85000 	C:\Windows\System32\shlwapi.dll
0x00007ff8accd0000 - 0x00007ff8accef000 	C:\Windows\SYSTEM32\profapi.dll
0x00007ff888ef0000 - 0x00007ff888f09000 	C:\Program Files\Unity\Hub\Editor\2022.3.11f1\Editor\Data\PlaybackEngines\AndroidPlayer\OpenJDK\bin\net.dll
0x00007ff8a4570000 - 0x00007ff8a467b000 	C:\Windows\SYSTEM32\WINHTTP.dll
0x00007ff8ac570000 - 0x00007ff8ac5da000 	C:\Windows\system32\mswsock.dll
0x00007ff86ccd0000 - 0x00007ff86cce3000 	C:\Program Files\Unity\Hub\Editor\2022.3.11f1\Editor\Data\PlaybackEngines\AndroidPlayer\OpenJDK\bin\nio.dll
0x00007ff8ac740000 - 0x00007ff8ac758000 	C:\Windows\SYSTEM32\CRYPTSP.dll
0x00007ff8abea0000 - 0x00007ff8abed4000 	C:\Windows\system32\rsaenh.dll
0x00007ff8ad630000 - 0x00007ff8ad657000 	C:\Windows\System32\bcrypt.dll
0x00007ff8acc90000 - 0x00007ff8accbe000 	C:\Windows\SYSTEM32\USERENV.dll
0x00007ff8ac760000 - 0x00007ff8ac76c000 	C:\Windows\SYSTEM32\CRYPTBASE.dll
0x00007ff8ac210000 - 0x00007ff8ac24b000 	C:\Windows\SYSTEM32\IPHLPAPI.DLL
0x00007ff8ad920000 - 0x00007ff8ad928000 	C:\Windows\System32\NSI.dll
0x00007ff8a6a00000 - 0x00007ff8a6a17000 	C:\Windows\SYSTEM32\dhcpcsvc6.DLL
0x00007ff8a6e10000 - 0x00007ff8a6e2d000 	C:\Windows\SYSTEM32\dhcpcsvc.DLL
0x00007ff8ac260000 - 0x00007ff8ac32c000 	C:\Windows\SYSTEM32\DNSAPI.dll
0x00007ff8538c0000 - 0x00007ff8538e5000 	C:\Program Files\Unity\Hub\Editor\2022.3.11f1\Editor\Data\PlaybackEngines\AndroidPlayer\OpenJDK\bin\sunec.dll

dbghelp: loaded successfully - version: 4.0.5 - missing functions: none
symbol engine: initialized successfully - sym options: 0x614 - pdb path: .;C:\Program Files\Unity\Hub\Editor\2022.3.11f1\Editor\Data\PlaybackEngines\AndroidPlayer\OpenJDK\bin;C:\Windows\SYSTEM32;C:\Windows\WinSxS\amd64_microsoft.windows.common-controls_6595b64144ccf1df_6.0.19041.844_none_ca00b6081b84eb1d;C:\Program Files\Unity\Hub\Editor\2022.3.11f1\Editor\Data\PlaybackEngines\AndroidPlayer\OpenJDK\bin\server

VM Arguments:
jvm_args: -Dfile.encoding=UTF-8 -Xmx4096M -Dcom.android.sdkmanager.toolsdir=C:\Program Files\Unity\Hub\Editor\2022.3.11f1\Editor\Data\PlaybackEngines\AndroidPlayer\SDK\cmdline-tools\6.0 -Dfile.encoding=UTF8 
java_command: C:/Program Files/Unity/Hub/Editor/2022.3.11f1/Editor/Data/PlaybackEngines/AndroidPlayer/Tools\sdktools.jar -
java_class_path (initial): C:/Program Files/Unity/Hub/Editor/2022.3.11f1/Editor/Data/PlaybackEngines/AndroidPlayer/Tools\sdktools.jar
Launcher Type: SUN_STANDARD

[Global flags]
     intx CICompilerCount                          = 4                                         {product} {ergonomic}
     uint ConcGCThreads                            = 2                                         {product} {ergonomic}
     uint G1ConcRefinementThreads                  = 8                                         {product} {ergonomic}
   size_t G1HeapRegionSize                         = 1048576                                   {product} {ergonomic}
    uintx GCDrainStackTargetSize                   = 64                                        {product} {ergonomic}
   size_t InitialHeapSize                          = 201326592                                 {product} {ergonomic}
   size_t MarkStackSize                            = 4194304                                   {product} {ergonomic}
   size_t MaxHeapSize                              = 4294967296                                {product} {command line}
   size_t MaxNewSize                               = 2576351232                                {product} {ergonomic}
   size_t MinHeapDeltaBytes                        = 1048576                                   {product} {ergonomic}
    uintx NonNMethodCodeHeapSize                   = 5836300                                {pd product} {ergonomic}
    uintx NonProfiledCodeHeapSize                  = 122910970                              {pd product} {ergonomic}
    uintx ProfiledCodeHeapSize                     = 122910970                              {pd product} {ergonomic}
    uintx ReservedCodeCacheSize                    = 251658240                              {pd product} {ergonomic}
     bool SegmentedCodeCache                       = true                                      {product} {ergonomic}
     bool UseCompressedClassPointers               = true                                 {lp64_product} {ergonomic}
     bool UseCompressedOops                        = true                                 {lp64_product} {ergonomic}
     bool UseG1GC                                  = true                                      {product} {ergonomic}
     bool UseLargePagesIndividualAllocation        = false                                  {pd product} {ergonomic}

Logging:
Log output configuration:
 #0: stdout all=warning uptime,level,tags
 #1: stderr all=off uptime,level,tags

Environment Variables:
JAVA_HOME=C:\Program Files\Unity\Hub\Editor\2022.3.11f1\Editor\Data\PlaybackEngines\AndroidPlayer\OpenJDK
JAVA_TOOL_OPTIONS=-Dfile.encoding=UTF-8
PATH=C:\Windows\system32;C:\Windows;C:\Windows\System32\Wbem;C:\Windows\System32\WindowsPowerShell\v1.0\;C:\Windows\System32\OpenSSH\;C:\Program Files (x86)\NVIDIA Corporation\PhysX\Common;C:\Program Files\NVIDIA Corporation\NVIDIA NvDLISR;C:\Program Files\Microsoft SQL Server\150\Tools\Binn\;C:\Program Files\Microsoft SQL Server\Client SDK\ODBC\170\Tools\Binn\;C:\Program Files\dotnet\;C:\Users\KiNG\AppData\Local\Microsoft\WindowsApps;C:\Users\KiNG\AppData\Local\GitHubDesktop\bin;C:\Users\KiNG\.dotnet\tools
USERNAME=KiNG
OS=Windows_NT
PROCESSOR_IDENTIFIER=Intel64 Family 6 Model 60 Stepping 3, GenuineIntel



---------------  S Y S T E M  ---------------

OS: Windows 10 , 64 bit Build 19041 (10.0.19041.928)
OS uptime: 1 days 13:11 hours

CPU:total 8 (initial active 8) (4 cores per cpu, 2 threads per core) family 6 model 60 stepping 3 microcode 0x27, cmov, cx8, fxsr, mmx, sse, sse2, sse3, ssse3, sse4.1, sse4.2, popcnt, avx, avx2, aes, clmul, erms, lzcnt, ht, tsc, tscinvbit, bmi1, bmi2, fma

Memory: 4k page, system-wide physical 12207M (976M free)
TotalPageFile size 14255M (AvailPageFile size 11M)
current process WorkingSet (physical memory assigned to process): 47M, peak: 47M
current process commit charge ("private bytes"): 279M, peak: 279M

vm_info: OpenJDK 64-Bit Server VM (11.0.14.1+1) for windows-amd64 JRE (11.0.14.1+1), built on Feb  9 2022 01:48:27 by "" with unknown MS VC++:1916

END.
